Build started 12/11/2020 2:37:23 PM.
     1>Project "C:\Users\Admin\Desktop\dotnet\01_LeNguyenLongQuocAn_Buoi1\01_LeNguyenLongQuocAn_Buoi1\01_LeNguyenLongQuocAn_Buoi1\01_LeNguyenLongQuocAn_Buoi1.vcxproj" on node 2 (Build target(s)).
     1>ClCompile:
         D:\visual studio\VC\bin\CL.exe /c /ZI /nologo /W3 /WX- /Od /Oy- /D _MBCS /Gm /EHsc /RTC1 /MDd /GS /fp:precise /Zc:wchar_t /Zc:forScope /Fo"Debug\\" /Fd"Debug\vc110.pdb" /Gd /TP /analyze- /errorReport:prompt 01_LeNguyenLongQuocAn_Buoi1.cpp
         01_LeNguyenLongQuocAn_Buoi1.cpp
     1>c:\users\admin\desktop\dotnet\01_lenguyenlongquocan_buoi1\01_lenguyenlongquocan_buoi1\01_lenguyenlongquocan_buoi1\01_lenguyenlongquocan_buoi1.cpp(70): warning C4996: 'getch': The POSIX name for this item is deprecated. Instead, use the ISO C++ conformant name: _getch. See online help for details.
                 d:\visual studio\vc\include\conio.h(131) : see declaration of 'getch'
     1>c:\users\admin\desktop\dotnet\01_lenguyenlongquocan_buoi1\01_lenguyenlongquocan_buoi1\01_lenguyenlongquocan_buoi1\01_lenguyenlongquocan_buoi1.cpp(99): warning C4996: 'scanf': This function or variable may be unsafe. Consider using scanf_s instead. To disable deprecation, use _CRT_SECURE_NO_WARNINGS. See online help for details.
                 d:\visual studio\vc\include\stdio.h(290) : see declaration of 'scanf'
     1>c:\users\admin\desktop\dotnet\01_lenguyenlongquocan_buoi1\01_lenguyenlongquocan_buoi1\01_lenguyenlongquocan_buoi1\01_lenguyenlongquocan_buoi1.cpp(108): warning C4996: 'scanf': This function or variable may be unsafe. Consider using scanf_s instead. To disable deprecation, use _CRT_SECURE_NO_WARNINGS. See online help for details.
                 d:\visual studio\vc\include\stdio.h(290) : see declaration of 'scanf'
     1>c:\users\admin\desktop\dotnet\01_lenguyenlongquocan_buoi1\01_lenguyenlongquocan_buoi1\01_lenguyenlongquocan_buoi1\01_lenguyenlongquocan_buoi1.cpp(115): warning C4996: 'scanf': This function or variable may be unsafe. Consider using scanf_s instead. To disable deprecation, use _CRT_SECURE_NO_WARNINGS. See online help for details.
                 d:\visual studio\vc\include\stdio.h(290) : see declaration of 'scanf'
     1>c:\users\admin\desktop\dotnet\01_lenguyenlongquocan_buoi1\01_lenguyenlongquocan_buoi1\01_lenguyenlongquocan_buoi1\01_lenguyenlongquocan_buoi1.cpp(124): warning C4996: 'scanf': This function or variable may be unsafe. Consider using scanf_s instead. To disable deprecation, use _CRT_SECURE_NO_WARNINGS. See online help for details.
                 d:\visual studio\vc\include\stdio.h(290) : see declaration of 'scanf'
     1>c:\users\admin\desktop\dotnet\01_lenguyenlongquocan_buoi1\01_lenguyenlongquocan_buoi1\01_lenguyenlongquocan_buoi1\01_lenguyenlongquocan_buoi1.cpp(132): warning C4996: 'scanf': This function or variable may be unsafe. Consider using scanf_s instead. To disable deprecation, use _CRT_SECURE_NO_WARNINGS. See online help for details.
                 d:\visual studio\vc\include\stdio.h(290) : see declaration of 'scanf'
     1>c:\users\admin\desktop\dotnet\01_lenguyenlongquocan_buoi1\01_lenguyenlongquocan_buoi1\01_lenguyenlongquocan_buoi1\01_lenguyenlongquocan_buoi1.cpp(141): warning C4996: 'scanf': This function or variable may be unsafe. Consider using scanf_s instead. To disable deprecation, use _CRT_SECURE_NO_WARNINGS. See online help for details.
                 d:\visual studio\vc\include\stdio.h(290) : see declaration of 'scanf'
     1>c:\users\admin\desktop\dotnet\01_lenguyenlongquocan_buoi1\01_lenguyenlongquocan_buoi1\01_lenguyenlongquocan_buoi1\01_lenguyenlongquocan_buoi1.cpp(150): warning C4996: 'scanf': This function or variable may be unsafe. Consider using scanf_s instead. To disable deprecation, use _CRT_SECURE_NO_WARNINGS. See online help for details.
                 d:\visual studio\vc\include\stdio.h(290) : see declaration of 'scanf'
     1>c:\users\admin\desktop\dotnet\01_lenguyenlongquocan_buoi1\01_lenguyenlongquocan_buoi1\01_lenguyenlongquocan_buoi1\01_lenguyenlongquocan_buoi1.cpp(154): warning C4996: 'scanf': This function or variable may be unsafe. Consider using scanf_s instead. To disable deprecation, use _CRT_SECURE_NO_WARNINGS. See online help for details.
                 d:\visual studio\vc\include\stdio.h(290) : see declaration of 'scanf'
     1>c:\users\admin\desktop\dotnet\01_lenguyenlongquocan_buoi1\01_lenguyenlongquocan_buoi1\01_lenguyenlongquocan_buoi1\01_lenguyenlongquocan_buoi1.cpp(161): warning C4996: 'scanf': This function or variable may be unsafe. Consider using scanf_s instead. To disable deprecation, use _CRT_SECURE_NO_WARNINGS. See online help for details.
                 d:\visual studio\vc\include\stdio.h(290) : see declaration of 'scanf'
     1>c:\users\admin\desktop\dotnet\01_lenguyenlongquocan_buoi1\01_lenguyenlongquocan_buoi1\01_lenguyenlongquocan_buoi1\01_lenguyenlongquocan_buoi1.cpp(170): warning C4996: 'scanf': This function or variable may be unsafe. Consider using scanf_s instead. To disable deprecation, use _CRT_SECURE_NO_WARNINGS. See online help for details.
                 d:\visual studio\vc\include\stdio.h(290) : see declaration of 'scanf'
     1>c:\users\admin\desktop\dotnet\01_lenguyenlongquocan_buoi1\01_lenguyenlongquocan_buoi1\01_lenguyenlongquocan_buoi1\01_lenguyenlongquocan_buoi1.cpp(181): warning C4996: 'scanf': This function or variable may be unsafe. Consider using scanf_s instead. To disable deprecation, use _CRT_SECURE_NO_WARNINGS. See online help for details.
                 d:\visual studio\vc\include\stdio.h(290) : see declaration of 'scanf'
     1>c:\users\admin\desktop\dotnet\01_lenguyenlongquocan_buoi1\01_lenguyenlongquocan_buoi1\01_lenguyenlongquocan_buoi1\01_lenguyenlongquocan_buoi1.cpp(194): warning C4996: 'scanf': This function or variable may be unsafe. Consider using scanf_s instead. To disable deprecation, use _CRT_SECURE_NO_WARNINGS. See online help for details.
                 d:\visual studio\vc\include\stdio.h(290) : see declaration of 'scanf'
     1>c:\users\admin\desktop\dotnet\01_lenguyenlongquocan_buoi1\01_lenguyenlongquocan_buoi1\01_lenguyenlongquocan_buoi1\01_lenguyenlongquocan_buoi1.cpp(206): warning C4996: 'scanf': This function or variable may be unsafe. Consider using scanf_s instead. To disable deprecation, use _CRT_SECURE_NO_WARNINGS. See online help for details.
                 d:\visual studio\vc\include\stdio.h(290) : see declaration of 'scanf'
     1>c:\users\admin\desktop\dotnet\01_lenguyenlongquocan_buoi1\01_lenguyenlongquocan_buoi1\01_lenguyenlongquocan_buoi1\01_lenguyenlongquocan_buoi1.cpp(218): warning C4996: 'scanf': This function or variable may be unsafe. Consider using scanf_s instead. To disable deprecation, use _CRT_SECURE_NO_WARNINGS. See online help for details.
                 d:\visual studio\vc\include\stdio.h(290) : see declaration of 'scanf'
     1>c:\users\admin\desktop\dotnet\01_lenguyenlongquocan_buoi1\01_lenguyenlongquocan_buoi1\01_lenguyenlongquocan_buoi1\01_lenguyenlongquocan_buoi1.cpp(93): warning C4101: 'M' : unreferenced local variable
     1>c:\users\admin\desktop\dotnet\01_lenguyenlongquocan_buoi1\01_lenguyenlongquocan_buoi1\01_lenguyenlongquocan_buoi1\01_lenguyenlongquocan_buoi1.cpp(93): warning C4101: 'V' : unreferenced local variable
     1>c:\users\admin\desktop\dotnet\01_lenguyenlongquocan_buoi1\01_lenguyenlongquocan_buoi1\01_lenguyenlongquocan_buoi1\01_lenguyenlongquocan_buoi1.cpp(93): warning C4101: 'N' : unreferenced local variable
     1>c:\users\admin\desktop\dotnet\01_lenguyenlongquocan_buoi1\01_lenguyenlongquocan_buoi1\01_lenguyenlongquocan_buoi1\01_lenguyenlongquocan_buoi1.cpp(244): warning C4996: 'scanf': This function or variable may be unsafe. Consider using scanf_s instead. To disable deprecation, use _CRT_SECURE_NO_WARNINGS. See online help for details.
                 d:\visual studio\vc\include\stdio.h(290) : see declaration of 'scanf'
     1>c:\users\admin\desktop\dotnet\01_lenguyenlongquocan_buoi1\01_lenguyenlongquocan_buoi1\01_lenguyenlongquocan_buoi1\01_lenguyenlongquocan_buoi1.cpp(433): warning C4715: 'kiemtrasochant2' : not all control paths return a value
       Link:
         D:\visual studio\VC\bin\link.exe /ERRORREPORT:PROMPT /OUT:"C:\Users\Admin\Desktop\dotnet\01_LeNguyenLongQuocAn_Buoi1\01_LeNguyenLongQuocAn_Buoi1\Debug\01_LeNguyenLongQuocAn_Buoi1.exe" /INCREMENTAL /NOLOGO kernel32.lib user32.lib gdi32.lib winspool.lib comdlg32.lib advapi32.lib shell32.lib ole32.lib oleaut32.lib uuid.lib odbc32.lib odbccp32.lib /MANIFEST /MANIFESTUAC:"level='asInvoker' uiAccess='false'" /manifest:embed /DEBUG /PDB:"C:\Users\Admin\Desktop\dotnet\01_LeNguyenLongQuocAn_Buoi1\01_LeNguyenLongQuocAn_Buoi1\Debug\01_LeNguyenLongQuocAn_Buoi1.pdb" /TLBID:1 /DYNAMICBASE /NXCOMPAT /IMPLIB:"C:\Users\Admin\Desktop\dotnet\01_LeNguyenLongQuocAn_Buoi1\01_LeNguyenLongQuocAn_Buoi1\Debug\01_LeNguyenLongQuocAn_Buoi1.lib" /MACHINE:X86 Debug\01_LeNguyenLongQuocAn_Buoi1.obj
         LINK : C:\Users\Admin\Desktop\dotnet\01_LeNguyenLongQuocAn_Buoi1\01_LeNguyenLongQuocAn_Buoi1\Debug\01_LeNguyenLongQuocAn_Buoi1.exe not found or not built by the last incremental link; performing full link
         01_LeNguyenLongQuocAn_Buoi1.vcxproj -> C:\Users\Admin\Desktop\dotnet\01_LeNguyenLongQuocAn_Buoi1\01_LeNguyenLongQuocAn_Buoi1\Debug\01_LeNguyenLongQuocAn_Buoi1.exe
     1>Done Building Project "C:\Users\Admin\Desktop\dotnet\01_LeNguyenLongQuocAn_Buoi1\01_LeNguyenLongQuocAn_Buoi1\01_LeNguyenLongQuocAn_Buoi1\01_LeNguyenLongQuocAn_Buoi1.vcxproj" (Build target(s)).

Build succeeded.

Time Elapsed 00:00:00.65
