C:\USERS\ADMIN\DESKTOP\DOTNET\01_LENGUYENLONGQUOCAN_BUOI1\01_LENGUYENLONGQUOCAN_BUOI1\01_LENGUYENLONGQUOCAN_BUOI1\DEBUG\01_LENGUYENLONGQUOCAN_BUOI1.OBJ
C:\USERS\ADMIN\DESKTOP\DOTNET\01_LENGUYENLONGQUOCAN_BUOI1\01_LENGUYENLONGQUOCAN_BUOI1\01_LENGUYENLONGQUOCAN_BUOI1\DEBUG\SOURCE.OBJ
C:\USERS\ADMIN\DESKTOP\DOTNET\01_LENGUYENLONGQUOCAN_BUOI1\01_LENGUYENLONGQUOCAN_BUOI1\01_LENGUYENLONGQUOCAN_BUOI1\DEBUG\VC110.PDB
C:\USERS\ADMIN\DESKTOP\DOTNET\01_LENGUYENLONGQUOCAN_BUOI1\01_LENGUYENLONGQUOCAN_BUOI1\DEBUG\01_LENGUYENLONGQUOCAN_BUOI1.ILK
C:\USERS\ADMIN\DESKTOP\DOTNET\01_LENGUYENLONGQUOCAN_BUOI1\01_LENGUYENLONGQUOCAN_BUOI1\DEBUG\01_LENGUYENLONGQUOCAN_BUOI1.EXE
C:\USERS\ADMIN\DESKTOP\DOTNET\01_LENGUYENLONGQUOCAN_BUOI1\01_LENGUYENLONGQUOCAN_BUOI1\DEBUG\01_LENGUYENLONGQUOCAN_BUOI1.PDB
C:\Users\Admin\Desktop\dotnet\01_LeNguyenLongQuocAn_Buoi1\01_LeNguyenLongQuocAn_Buoi1\01_LeNguyenLongQuocAn_Buoi1\Debug\Source.obj
C:\Users\Admin\Desktop\dotnet\01_LeNguyenLongQuocAn_Buoi1\01_LeNguyenLongQuocAn_Buoi1\01_LeNguyenLongQuocAn_Buoi1\Debug\tesst.obj
C:\Users\Admin\Desktop\dotnet\01_LeNguyenLongQuocAn_Buoi1\01_LeNguyenLongQuocAn_Buoi1\01_LeNguyenLongQuocAn_Buoi1\Debug\cl.command.1.tlog
C:\Users\Admin\Desktop\dotnet\01_LeNguyenLongQuocAn_Buoi1\01_LeNguyenLongQuocAn_Buoi1\01_LeNguyenLongQuocAn_Buoi1\Debug\CL.read.1.tlog
C:\Users\Admin\Desktop\dotnet\01_LeNguyenLongQuocAn_Buoi1\01_LeNguyenLongQuocAn_Buoi1\01_LeNguyenLongQuocAn_Buoi1\Debug\CL.write.1.tlog
C:\Users\Admin\Desktop\dotnet\01_LeNguyenLongQuocAn_Buoi1\01_LeNguyenLongQuocAn_Buoi1\01_LeNguyenLongQuocAn_Buoi1\Debug\link-cvtres.read.1.tlog
C:\Users\Admin\Desktop\dotnet\01_LeNguyenLongQuocAn_Buoi1\01_LeNguyenLongQuocAn_Buoi1\01_LeNguyenLongQuocAn_Buoi1\Debug\link-cvtres.write.1.tlog
C:\Users\Admin\Desktop\dotnet\01_LeNguyenLongQuocAn_Buoi1\01_LeNguyenLongQuocAn_Buoi1\01_LeNguyenLongQuocAn_Buoi1\Debug\link-rc.read.1.tlog
C:\Users\Admin\Desktop\dotnet\01_LeNguyenLongQuocAn_Buoi1\01_LeNguyenLongQuocAn_Buoi1\01_LeNguyenLongQuocAn_Buoi1\Debug\link-rc.write.1.tlog
C:\Users\Admin\Desktop\dotnet\01_LeNguyenLongQuocAn_Buoi1\01_LeNguyenLongQuocAn_Buoi1\01_LeNguyenLongQuocAn_Buoi1\Debug\link.11192-cvtres.read.1.tlog
C:\Users\Admin\Desktop\dotnet\01_LeNguyenLongQuocAn_Buoi1\01_LeNguyenLongQuocAn_Buoi1\01_LeNguyenLongQuocAn_Buoi1\Debug\link.11192-cvtres.write.1.tlog
C:\Users\Admin\Desktop\dotnet\01_LeNguyenLongQuocAn_Buoi1\01_LeNguyenLongQuocAn_Buoi1\01_LeNguyenLongQuocAn_Buoi1\Debug\link.11192-rc.read.1.tlog
C:\Users\Admin\Desktop\dotnet\01_LeNguyenLongQuocAn_Buoi1\01_LeNguyenLongQuocAn_Buoi1\01_LeNguyenLongQuocAn_Buoi1\Debug\link.11192-rc.write.1.tlog
C:\Users\Admin\Desktop\dotnet\01_LeNguyenLongQuocAn_Buoi1\01_LeNguyenLongQuocAn_Buoi1\01_LeNguyenLongQuocAn_Buoi1\Debug\link.11192.read.1.tlog
C:\Users\Admin\Desktop\dotnet\01_LeNguyenLongQuocAn_Buoi1\01_LeNguyenLongQuocAn_Buoi1\01_LeNguyenLongQuocAn_Buoi1\Debug\link.11192.write.1.tlog
C:\Users\Admin\Desktop\dotnet\01_LeNguyenLongQuocAn_Buoi1\01_LeNguyenLongQuocAn_Buoi1\01_LeNguyenLongQuocAn_Buoi1\Debug\link.6216-cvtres.read.1.tlog
C:\Users\Admin\Desktop\dotnet\01_LeNguyenLongQuocAn_Buoi1\01_LeNguyenLongQuocAn_Buoi1\01_LeNguyenLongQuocAn_Buoi1\Debug\link.6216-cvtres.write.1.tlog
C:\Users\Admin\Desktop\dotnet\01_LeNguyenLongQuocAn_Buoi1\01_LeNguyenLongQuocAn_Buoi1\01_LeNguyenLongQuocAn_Buoi1\Debug\link.6216-rc.read.1.tlog
C:\Users\Admin\Desktop\dotnet\01_LeNguyenLongQuocAn_Buoi1\01_LeNguyenLongQuocAn_Buoi1\01_LeNguyenLongQuocAn_Buoi1\Debug\link.6216-rc.write.1.tlog
C:\Users\Admin\Desktop\dotnet\01_LeNguyenLongQuocAn_Buoi1\01_LeNguyenLongQuocAn_Buoi1\01_LeNguyenLongQuocAn_Buoi1\Debug\link.6216.read.1.tlog
C:\Users\Admin\Desktop\dotnet\01_LeNguyenLongQuocAn_Buoi1\01_LeNguyenLongQuocAn_Buoi1\01_LeNguyenLongQuocAn_Buoi1\Debug\link.6216.write.1.tlog
C:\Users\Admin\Desktop\dotnet\01_LeNguyenLongQuocAn_Buoi1\01_LeNguyenLongQuocAn_Buoi1\01_LeNguyenLongQuocAn_Buoi1\Debug\link.7580-cvtres.read.1.tlog
C:\Users\Admin\Desktop\dotnet\01_LeNguyenLongQuocAn_Buoi1\01_LeNguyenLongQuocAn_Buoi1\01_LeNguyenLongQuocAn_Buoi1\Debug\link.7580-cvtres.write.1.tlog
C:\Users\Admin\Desktop\dotnet\01_LeNguyenLongQuocAn_Buoi1\01_LeNguyenLongQuocAn_Buoi1\01_LeNguyenLongQuocAn_Buoi1\Debug\link.7580-rc.read.1.tlog
C:\Users\Admin\Desktop\dotnet\01_LeNguyenLongQuocAn_Buoi1\01_LeNguyenLongQuocAn_Buoi1\01_LeNguyenLongQuocAn_Buoi1\Debug\link.7580-rc.write.1.tlog
C:\Users\Admin\Desktop\dotnet\01_LeNguyenLongQuocAn_Buoi1\01_LeNguyenLongQuocAn_Buoi1\01_LeNguyenLongQuocAn_Buoi1\Debug\link.7580.read.1.tlog
C:\Users\Admin\Desktop\dotnet\01_LeNguyenLongQuocAn_Buoi1\01_LeNguyenLongQuocAn_Buoi1\01_LeNguyenLongQuocAn_Buoi1\Debug\link.7580.write.1.tlog
C:\Users\Admin\Desktop\dotnet\01_LeNguyenLongQuocAn_Buoi1\01_LeNguyenLongQuocAn_Buoi1\01_LeNguyenLongQuocAn_Buoi1\Debug\link.command.1.tlog
C:\Users\Admin\Desktop\dotnet\01_LeNguyenLongQuocAn_Buoi1\01_LeNguyenLongQuocAn_Buoi1\01_LeNguyenLongQuocAn_Buoi1\Debug\link.read.1.tlog
C:\Users\Admin\Desktop\dotnet\01_LeNguyenLongQuocAn_Buoi1\01_LeNguyenLongQuocAn_Buoi1\01_LeNguyenLongQuocAn_Buoi1\Debug\link.write.1.tlog
C:\Users\Admin\Desktop\dotnet\01_LeNguyenLongQuocAn_Buoi1\01_LeNguyenLongQuocAn_Buoi1\01_LeNguyenLongQuocAn_Buoi1\Debug\vc110.idb
C:\Users\Admin\Desktop\dotnet\01_LeNguyenLongQuocAn_Buoi1\01_LeNguyenLongQuocAn_Buoi1\01_LeNguyenLongQuocAn_Buoi1\Debug\vc110.pdb
C:\Users\Admin\Desktop\dotnet\01_LeNguyenLongQuocAn_Buoi1\01_LeNguyenLongQuocAn_Buoi1\Debug\01_LeNguyenLongQuocAn_Buoi1.pdb
C:\Users\Admin\Desktop\dotnet\01_LeNguyenLongQuocAn_Buoi1\01_LeNguyenLongQuocAn_Buoi1\Debug\01_LeNguyenLongQuocAn_Buoi1.exe
C:\Users\Admin\Desktop\dotnet\01_LeNguyenLongQuocAn_Buoi1\01_LeNguyenLongQuocAn_Buoi1\Debug\01_LeNguyenLongQuocAn_Buoi1.ilk
